2019-04-20 12:40:34.695622 (24312) main____ INFO    ----------------------------------------
2019-04-20 12:40:34.695966 (24312) main____ INFO    JasperGold version info
2019-04-20 12:40:34.695989 (24312) main____ INFO      tool      : JasperGold 2015.09
2019-04-20 12:40:34.696010 (24312) main____ INFO      version   : 2015.09 FCS 64 bits
2019-04-20 12:40:34.696025 (24312) main____ INFO      build date: 2015.09.29 22:07:28 PDT
2019-04-20 12:40:34.696037 (24312) main____ INFO    ----------------------------------------
2019-04-20 12:40:34.696046 (24312) main____ INFO    Runtime info:
2019-04-20 12:40:34.696057 (24312) main____ INFO      platform  : Linux 4.9.0-8-amd64 x86_64
2019-04-20 12:40:34.696073 (24312) main____ INFO      hostname  : daffy
2019-04-20 12:40:34.696084 (24312) main____ INFO      pid       : 24312
2019-04-20 12:40:34.696096 (24312) main____ INFO      arguments : '-style' 'windows' 'axi_node_run_jasper.tcl'
2019-04-20 12:40:34.696108 (24312) main____ INFO    ----------------------------------------
2019-04-20 12:40:34.697694 (24312) lic__man INFO    Claim 'main' for <ui>.
2019-04-20 12:40:34.703456 (24312) lic_core INFO    (1) checking out 'jasper_interactive' ...
2019-04-20 12:40:34.728574 (24312) lic_core INFO    ... (1) checkout succeeded
2019-04-20 12:40:34.728684 (24312) lic__man INFO    Claim 'fpv' for <ui>.
2019-04-20 12:40:34.728732 (24312) lic_core INFO    (2) checking out 'jasper_fpv' ...
2019-04-20 12:40:34.743530 (24312) lic_core INFO    ... (2) checkout succeeded
2019-04-20 12:40:35.594831 (24312) lic__man INFO    Claim 'fpv' for <ui>.
2019-04-20 12:40:35.667138 (24312) lic__man INFO    Unclaim 'fpv' for <ui>.
2019-04-20 12:40:35.667194 (24312) lic__man INFO    Claim 'fpv' for <ui>.
2019-04-20 12:40:35.683219 (24312) session_ INFO    Starting analysis session with session id 'session_0' ...
2019-04-20 12:40:35.685358 (24312) session_ INFO    Analysis session with session id 'session_0' started (pid: 24324)
2019-04-20 12:40:39.604793 (24312) session_ INFO    Analysis session 'session_0' connected to the console (host: 128.83.175.39:36928)
2019-04-20 12:40:42.433917 (24312) lic__man INFO    Unclaim everything for 'session_0*'.
2019-04-20 12:41:29.697059 (24312) main____ INFO    About to exit: requested from GUI
2019-04-20 12:41:29.784269 (24312) main____ INFO    Exiting.
